<?xml version="1.0" encoding="UTF-8"?>
<testsuite name="invadem.InvaderTest" tests="6" skipped="0" failures="0" errors="0" timestamp="2019-11-11T09:22:37" hostname="KZX-Razer" time="0.006">
  <properties/>
  <testcase name="testInvaderIntersectWithInvaderProjectile" classname="invadem.InvaderTest" time="0.004"/>
  <testcase name="testInvaderIsNotDead" classname="invadem.InvaderTest" time="0.0"/>
  <testcase name="testInvaderIsDead" classname="invadem.InvaderTest" time="0.0"/>
  <testcase name="testInvaderConstruction" classname="invadem.InvaderTest" time="0.0"/>
  <testcase name="testInvaderIntersectWithPlayerProjectile" classname="invadem.InvaderTest" time="0.001"/>
  <testcase name="testPowerInvaderIntersectProjectile" classname="invadem.InvaderTest" time="0.0"/>
  <system-out><![CDATA[]]></system-out>
  <system-err><![CDATA[]]></system-err>
</testsuite>
