<?xml version="1.0" encoding="UTF-8"?>
<testsuite name="invadem.ProjectileTest" tests="4" skipped="0" failures="0" errors="0" timestamp="2019-11-11T09:20:10" hostname="KZX-Razer" time="0.083">
  <properties/>
  <testcase name="testProjectileConstruction" classname="invadem.ProjectileTest" time="0.004"/>
  <testcase name="testTankProjectileIsMoving" classname="invadem.ProjectileTest" time="0.001"/>
  <testcase name="testInvaderProjectileIsMoving" classname="invadem.ProjectileTest" time="0.0"/>
  <testcase name="testProjectileIntersect" classname="invadem.ProjectileTest" time="0.077"/>
  <system-out><![CDATA[]]></system-out>
  <system-err><![CDATA[]]></system-err>
</testsuite>
